<?xml version="1.0" encoding="utf-8"?><testsuites><testsuite errors="0" failures="1" hostname="dyn3151-100.wlan.ic.ac.uk" name="pytest" skipped="0" tests="8" time="36.639" timestamp="2019-10-24T14:53:19.843172"><testcase classname="test" file="test.py" line="35" name="test_get_easting_northing_from_lat_long" points="500" time="0.037"><properties>
[...]
</properties></testcase><testcase classname="test" file="test.py" line="89" name="test_tool" points="100" time="0.000"><properties><property name="tool initialization" value="(1.279975390999999, [True])"/></properties></testcase><testcase classname="test" file="test.py" line="94" name="test_get_lat_long" points="480" time="0.114"><properties>
[...]
</properties></testcase><testcase classname="test" file="test.py" line="125" name="test_get_easting_northing_flood_probability" points="2000" time="8.357"><properties>
[...]
</properties></testcase><testcase classname="test" file="test.py" line="155" name="test_get_sorted_flood_probability" time="8.464"><failure message="ValueError: Lengths must match to compare">data = {&apos;flood probability file&apos;: [&apos;..&apos;, &apos;flood_tool&apos;, &apos;resources&apos;, &apos;flood_probability.csv&apos;], &apos;get_annual_flood_risk&apos;: {&apos;idx1...om_lat_long&apos;: {&apos;absolute_tolerance&apos;: 5, &apos;idx1&apos;: 0, &apos;idx2&apos;: 500, &apos;input headings&apos;: [&apos;Latitude&apos;, &apos;Longitude&apos;], ...}, ...}
testdb =      Postcode   Latitude  Longitude  ...  Probability Band  Flood Cost Flood Risk
0     TN131DP  51.276953   0.182161 ...0        0.0
1489  TN9 2TJ  51.189845   0.264470  ...              Zero  2713630.99        0.0

[1490 rows x 8 columns]
tool = &lt;flood_tool.tool.Tool object at 0x125ed1c90&gt;
record_property = &lt;function record_property.&lt;locals&gt;.append_property at 0x11efc6ef0&gt;
record_xml_attribute = &lt;bound method _NodeReporter.add_attribute of &lt;_pytest.junitxml._NodeReporter object at 0x13071f690&gt;&gt;

    @mark.timeout(timeouts[&quot;get_sorted_flood_probability&quot;])
    def test_get_sorted_flood_probability(data, testdb, tool, record_property, record_xml_attribute):
    
        name = &apos;get_sorted_flood_probability&apos;
    
        idx1 = data[name][&apos;idx1&apos;]
        idx2 = data[name][&apos;idx2&apos;]
        idx3 = data[name][&apos;idx3&apos;]
        idx4 = data[name][&apos;idx4&apos;]
    
        args = testdb.iloc[idx1:idx2][&apos;Postcode&apos;].to_numpy().ravel()
        output = testdb.iloc[idx3:idx4][[&apos;Postcode&apos;, &apos;Probability Band&apos;]]
        output.drop_duplicates(subset=&apos;Postcode&apos;, inplace=True)
        output.set_index(&apos;Postcode&apos;, inplace=True)
    
        time, result = timing(getattr(tool, name), args)
    
        assert result.index.name == &apos;Postcode&apos;
    
&gt;       matches = list((result.index == output.index) &amp;
                       (result[&apos;Probability Band&apos;].to_numpy().ravel()
                        == output[&apos;Probability Band&apos;].to_numpy().ravel()))

test.py:175: 
_ _ _ _ _ _ _ _ _ _ _ _ _ _ _ _ _ _ _ _ _ _ _ _ _ _ _ _ _ _ _ _ _ _ _ _ _ _ _ _ _ _ _ _ _ _ _

self = Index([&apos;CT118JD&apos;, &apos;CT163DS&apos;, &apos;CT216RA&apos;, &apos;CT3 1AB&apos;, &apos;CT3 1BS&apos;, &apos;CT5 1AF&apos;,
       &apos;CT5 1BB&apos;, &apos;CT5 1EZ&apos;, &apos;CT5 1JJ&apos;, &apos;CT5 ...5PW&apos;, &apos;TN8 5YT&apos;,
       &apos;TN8 6LN&apos;, &apos;TN8 7NF&apos;, &apos;TN9 1BL&apos;, &apos;TN9 2TJ&apos;],
      dtype=&apos;object&apos;, name=&apos;Postcode&apos;, length=477)
other = Index([&apos;CT118JD&apos;, &apos;CT163DS&apos;, &apos;CT216RA&apos;, &apos;CT3 1AB&apos;, &apos;CT3 1BS&apos;, &apos;CT5 1AF&apos;,
       &apos;CT5 1BB&apos;, &apos;CT5 1EZ&apos;, &apos;CT5 1JJ&apos;, &apos;CT5 ...5PW&apos;, &apos;TN8 5YT&apos;,
       &apos;TN8 6LN&apos;, &apos;TN8 7NF&apos;, &apos;TN9 1BL&apos;, &apos;TN9 2TJ&apos;],
      dtype=&apos;object&apos;, name=&apos;Postcode&apos;, length=495)

    def cmp_method(self, other):
        if isinstance(other, (np.ndarray, Index, ABCSeries)):
            if other.ndim &gt; 0 and len(self) != len(other):
&gt;               raise ValueError(&quot;Lengths must match to compare&quot;)
E               ValueError: Lengths must match to compare

../foo/lib/python3.7/site-packages/pandas/core/indexes/base.py:102: ValueError</failure></testcase><testcase classname="test" file="test.py" line="183" name="test_get_flood_cost" points="498" time="0.462"><properties>
[...]
</properties></testcase><testcase classname="test" file="test.py" line="213" name="test_get_annual_flood_risk" points="500" time="0.483"><properties>
[...]
</properties></testcase><testcase classname="test" file="test.py" line="243" name="test_get_sorted_annual_flood_risk" points="479" time="9.525"><properties>
[...]
</properties></testcase></testsuite></testsuites>